[{"line":2,"elements":[{"line":4,"name":"landing page","description":"","type":"background","keyword":"Background","steps":[{"result":{"duration":6715937300,"status":"passed"},"line":5,"name":"a user is on the website home page","match":{"location":"com.automation.StepDefinition.BasicAuth.a_user_is_on_the_website_home_page()"},"keyword":"Given "}]},{"start_timestamp":"2023-06-15T09:22:12.566Z","line":14,"name":"Enter correct and incorrect login credentials for authentication","description":"","id":"login-windows-for-authentication;enter-correct-and-incorrect-login-credentials-for-authentication;;2","type":"scenario","keyword":"Scenario Outline","steps":[{"result":{"status":"passed"},"line":8,"name":"user clicks on basic auth","match":{"location":"com.automation.StepDefinition.BasicAuth.user_clicks_on_basic_auth()"},"keyword":"When "},{"result":{"duration":3014900,"status":"passed"},"line":9,"name":"user enters the admin and admin","match":{"arguments":[{"val":"admin","offset":16},{"val":"admin","offset":26}],"location":"com.automation.StepDefinition.BasicAuth.user_enters_the_password_and_username(java.lang.String,java.lang.String)"},"keyword":"And "},{"result":{"duration":3552674200,"status":"passed"},"line":10,"name":"user clicks on the sign in button","match":{"location":"com.automation.StepDefinition.BasicAuth.user_clicks_on_the_sign_in_button()"},"keyword":"Then "},{"result":{"error_message":"org.openqa.selenium.NoSuchElementException: no such element: Unable to locate element: {\"method\":\"xpath\",\"selector\":\"//body[contains(text(),'Not authorized')]\"}\n  (Session info: chrome=114.0.5735.133)\nFor documentation on this error, please visit: https://selenium.dev/exceptions/#no_such_element\nBuild info: version: '4.9.1', revision: 'eb2032df7f'\nSystem info: os.name: 'Windows 11', os.arch: 'amd64', os.version: '10.0', java.version: '17.0.7'\nDriver info: org.openqa.selenium.chrome.ChromeDriver\nCommand: [ad9d98015ce737b3b2a632accdb05643, findElement {using=xpath, value=//body[contains(text(),'Not authorized')]}]\nCapabilities {acceptInsecureCerts: false, browserName: chrome, browserVersion: 114.0.5735.133, chrome: {chromedriverVersion: 113.0.5672.63 (0e1a4471d5ae..., userDataDir: C:\\Users\\BANELE~1\\AppData\\L...}, goog:chromeOptions: {debuggerAddress: localhost:63971}, networkConnectionEnabled: false, pageLoadStrategy: normal, platformName: windows, proxy: Proxy(), se:cdp: ws://localhost:63971/devtoo..., se:cdpVersion: 114.0.5735.133, setWindowRect: true, strictFileInteractability: false, timeouts: {implicit: 0, pageLoad: 300000, script: 30000}, unhandledPromptBehavior: dismiss and notify, webauthn:extension:credBlob: true, webauthn:extension:largeBlob: true, webauthn:extension:minPinLength: true, webauthn:extension:prf: true, webauthn:virtualAuthenticators: true}\nSession ID: ad9d98015ce737b3b2a632accdb05643\r\n\tat java.base/jdk.internal.reflect.NativeConstructorAccessorImpl.newInstance0(Native Method)\r\n\tat java.base/jdk.internal.reflect.NativeConstructorAccessorImpl.newInstance(NativeConstructorAccessorImpl.java:77)\r\n\tat java.base/jdk.internal.reflect.DelegatingConstructorAccessorImpl.newInstance(DelegatingConstructorAccessorImpl.java:45)\r\n\tat java.base/java.lang.reflect.Constructor.newInstanceWithCaller(Constructor.java:499)\r\n\tat java.base/java.lang.reflect.Constructor.newInstance(Constructor.java:480)\r\n\tat org.openqa.selenium.remote.codec.w3c.W3CHttpResponseCodec.createException(W3CHttpResponseCodec.java:200)\r\n\tat org.openqa.selenium.remote.codec.w3c.W3CHttpResponseCodec.decode(W3CHttpResponseCodec.java:133)\r\n\tat org.openqa.selenium.remote.codec.w3c.W3CHttpResponseCodec.decode(W3CHttpResponseCodec.java:53)\r\n\tat org.openqa.selenium.remote.HttpCommandExecutor.execute(HttpCommandExecutor.java:193)\r\n\tat org.openqa.selenium.remote.service.DriverCommandExecutor.invokeExecute(DriverCommandExecutor.java:183)\r\n\tat org.openqa.selenium.remote.service.DriverCommandExecutor.execute(DriverCommandExecutor.java:158)\r\n\tat org.openqa.selenium.remote.RemoteWebDriver.execute(RemoteWebDriver.java:543)\r\n\tat org.openqa.selenium.remote.ElementLocation$ElementFinder$2.findElement(ElementLocation.java:162)\r\n\tat org.openqa.selenium.remote.ElementLocation.findElement(ElementLocation.java:60)\r\n\tat org.openqa.selenium.remote.RemoteWebDriver.findElement(RemoteWebDriver.java:352)\r\n\tat org.openqa.selenium.remote.RemoteWebDriver.findElement(RemoteWebDriver.java:344)\r\n\tat com.automation.StepDefinition.BasicAuth.login_status(BasicAuth.java:42)\r\n\tat ✽.login status(file:///C:/Users/BaneleMlamleli/Documents/Programming/The_Internet/src/test/java/com/automation/Features/BasicAuth.feature:11)\r\n","duration":114740300,"status":"failed"},"line":11,"name":"login status","match":{"location":"com.automation.StepDefinition.BasicAuth.login_status()"},"keyword":"And "}],"tags":[{"name":"@BasicAuth"}]},{"line":4,"name":"landing page","description":"","type":"background","keyword":"Background","steps":[{"result":{"duration":2514708300,"status":"passed"},"line":5,"name":"a user is on the website home page","match":{"location":"com.automation.StepDefinition.BasicAuth.a_user_is_on_the_website_home_page()"},"keyword":"Given "}]},{"start_timestamp":"2023-06-15T09:22:23.054Z","line":15,"name":"Enter correct and incorrect login credentials for authentication","description":"","id":"login-windows-for-authentication;enter-correct-and-incorrect-login-credentials-for-authentication;;3","type":"scenario","keyword":"Scenario Outline","steps":[{"result":{"status":"passed"},"line":8,"name":"user clicks on basic auth","match":{"location":"com.automation.StepDefinition.BasicAuth.user_clicks_on_basic_auth()"},"keyword":"When "},{"result":{"status":"passed"},"line":9,"name":"user enters the wrong_pw and wrong_usernm","match":{"arguments":[{"val":"wrong_pw","offset":16},{"val":"wrong_usernm","offset":29}],"location":"com.automation.StepDefinition.BasicAuth.user_enters_the_password_and_username(java.lang.String,java.lang.String)"},"keyword":"And "},{"result":{"duration":1563340700,"status":"passed"},"line":10,"name":"user clicks on the sign in button","match":{"location":"com.automation.StepDefinition.BasicAuth.user_clicks_on_the_sign_in_button()"},"keyword":"Then "},{"result":{"error_message":"org.openqa.selenium.NoSuchElementException: no such element: Unable to locate element: {\"method\":\"xpath\",\"selector\":\"//p[contains(text(),'Congratulations! You must have the proper credenti')]\"}\n  (Session info: chrome=114.0.5735.133)\nFor documentation on this error, please visit: https://selenium.dev/exceptions/#no_such_element\nBuild info: version: '4.9.1', revision: 'eb2032df7f'\nSystem info: os.name: 'Windows 11', os.arch: 'amd64', os.version: '10.0', java.version: '17.0.7'\nDriver info: org.openqa.selenium.chrome.ChromeDriver\nCommand: [9de21376e4c4f576c7c7c68a89155162, findElement {using=xpath, value=//p[contains(text(),'Congratulations! You must have the proper credenti')]}]\nCapabilities {acceptInsecureCerts: false, browserName: chrome, browserVersion: 114.0.5735.133, chrome: {chromedriverVersion: 113.0.5672.63 (0e1a4471d5ae..., userDataDir: C:\\Users\\BANELE~1\\AppData\\L...}, goog:chromeOptions: {debuggerAddress: localhost:64018}, networkConnectionEnabled: false, pageLoadStrategy: normal, platformName: windows, proxy: Proxy(), se:cdp: ws://localhost:64018/devtoo..., se:cdpVersion: 114.0.5735.133, setWindowRect: true, strictFileInteractability: false, timeouts: {implicit: 0, pageLoad: 300000, script: 30000}, unhandledPromptBehavior: dismiss and notify, webauthn:extension:credBlob: true, webauthn:extension:largeBlob: true, webauthn:extension:minPinLength: true, webauthn:extension:prf: true, webauthn:virtualAuthenticators: true}\nSession ID: 9de21376e4c4f576c7c7c68a89155162\r\n\tat java.base/jdk.internal.reflect.NativeConstructorAccessorImpl.newInstance0(Native Method)\r\n\tat java.base/jdk.internal.reflect.NativeConstructorAccessorImpl.newInstance(NativeConstructorAccessorImpl.java:77)\r\n\tat java.base/jdk.internal.reflect.DelegatingConstructorAccessorImpl.newInstance(DelegatingConstructorAccessorImpl.java:45)\r\n\tat java.base/java.lang.reflect.Constructor.newInstanceWithCaller(Constructor.java:499)\r\n\tat java.base/java.lang.reflect.Constructor.newInstance(Constructor.java:480)\r\n\tat org.openqa.selenium.remote.codec.w3c.W3CHttpResponseCodec.createException(W3CHttpResponseCodec.java:200)\r\n\tat org.openqa.selenium.remote.codec.w3c.W3CHttpResponseCodec.decode(W3CHttpResponseCodec.java:133)\r\n\tat org.openqa.selenium.remote.codec.w3c.W3CHttpResponseCodec.decode(W3CHttpResponseCodec.java:53)\r\n\tat org.openqa.selenium.remote.HttpCommandExecutor.execute(HttpCommandExecutor.java:193)\r\n\tat org.openqa.selenium.remote.service.DriverCommandExecutor.invokeExecute(DriverCommandExecutor.java:183)\r\n\tat org.openqa.selenium.remote.service.DriverCommandExecutor.execute(DriverCommandExecutor.java:158)\r\n\tat org.openqa.selenium.remote.RemoteWebDriver.execute(RemoteWebDriver.java:543)\r\n\tat org.openqa.selenium.remote.ElementLocation$ElementFinder$2.findElement(ElementLocation.java:162)\r\n\tat org.openqa.selenium.remote.ElementLocation.findElement(ElementLocation.java:60)\r\n\tat org.openqa.selenium.remote.RemoteWebDriver.findElement(RemoteWebDriver.java:352)\r\n\tat org.openqa.selenium.remote.RemoteWebDriver.findElement(RemoteWebDriver.java:344)\r\n\tat com.automation.StepDefinition.BasicAuth.login_status(BasicAuth.java:38)\r\n\tat ✽.login status(file:///C:/Users/BaneleMlamleli/Documents/Programming/The_Internet/src/test/java/com/automation/Features/BasicAuth.feature:11)\r\n","duration":74318000,"status":"failed"},"line":11,"name":"login status","match":{"location":"com.automation.StepDefinition.BasicAuth.login_status()"},"keyword":"And "}],"tags":[{"name":"@BasicAuth"}]}],"name":"Login windows for authentication","description":"","id":"login-windows-for-authentication","keyword":"Feature","uri":"file:src/test/java/com/automation/Features/BasicAuth.feature","tags":[{"name":"@BasicAuth","type":"Tag","location":{"line":1,"column":1}}]}]